{"message":"Include unexpected. Element has to be either a Model, an Association or an object.","level":"error","service":"user-service","label":"main","timestamp":"2020-04-16T09:30:19.742Z"}
{"message":"Validation error: CompanyPhone must be numeric","level":"error","service":"user-service","label":"main","timestamp":"2020-04-16T10:19:00.674Z"}
{"message":"Unexpected string in JSON at position 94","level":"error","service":"user-service","label":"main","timestamp":"2020-04-18T16:44:22.023Z"}
{"message":"Cannot read property 'role' of undefined","level":"error","service":"user-service","label":"main","timestamp":"2020-04-24T11:09:05.128Z"}
{"message":"Cannot read property 'role' of undefined","level":"error","service":"user-service","label":"main","timestamp":"2020-04-24T11:11:33.931Z"}
{"message":"Cannot read property 'role' of undefined","level":"error","service":"user-service","label":"main","timestamp":"2020-04-24T11:24:07.088Z"}
{"message":"Cannot read property 'role' of undefined","level":"error","service":"user-service","label":"main","timestamp":"2020-04-24T11:25:23.476Z"}
{"message":"Cannot read property 'role' of undefined","level":"error","service":"user-service","label":"main","timestamp":"2020-04-24T11:28:31.315Z"}
{"message":"Cannot read property 'role' of undefined","level":"error","service":"user-service","label":"main","timestamp":"2020-04-24T11:30:52.890Z"}
{"message":"worker is not defined","level":"error","service":"user-service","label":"main","timestamp":"2020-04-24T11:34:25.067Z"}
{"message":"role is not defined","level":"error","service":"user-service","label":"main","timestamp":"2020-04-24T11:34:31.856Z"}
{"level":"error","service":"user-service","label":"main","timestamp":"2020-04-24T13:31:35.548Z"}
{"level":"error","service":"user-service","label":"main","timestamp":"2020-04-24T13:32:24.095Z"}
{"level":"error","service":"user-service","label":"main","timestamp":"2020-04-24T13:33:36.960Z"}
{"level":"error","service":"user-service","label":"main","timestamp":"2020-04-24T13:34:01.113Z"}
{"level":"error","service":"user-service","label":"main","timestamp":"2020-04-24T13:34:11.863Z"}
{"level":"error","service":"user-service","label":"main","timestamp":"2020-04-24T13:34:41.557Z"}
{"level":"error","service":"user-service","label":"main","timestamp":"2020-04-24T13:35:07.248Z"}
{"message":"Cannot read property 'role' of undefined","level":"error","service":"user-service","label":"main","timestamp":"2020-04-24T13:35:31.083Z"}
{"message":"Cannot read property 'role' of undefined","level":"error","service":"user-service","label":"main","timestamp":"2020-04-24T13:36:00.255Z"}
{"message":"Cannot read property 'role' of undefined","level":"error","service":"user-service","label":"main","timestamp":"2020-04-24T13:39:41.119Z"}
{"message":"Cannot read property 'role' of undefined","level":"error","service":"user-service","label":"main","timestamp":"2020-04-24T13:39:59.531Z"}
